make -f /home/janreggie/dev/djvulibre-cpp/Makefile --dry-run --always-make --keep-going --print-directory
make: Entering directory '/home/janreggie/dev/djvulibre-cpp'
for d in libdjvu tools xmltools  desktopfiles ; \
  do ( cd $d && make all ) || exit ; done
make[1]: Entering directory '/home/janreggie/dev/djvulibre-cpp/libdjvu'
cp ./Makefile.dep Makefile.dep
/bin/bash ../libtool --mode=compile g++ -DHAVE_CONFIG_H -I.. -I. -DNDEBUG -Wall -O3 -Wno-non-virtual-dtor  -pthread -DTHREADMODEL=POSIXTHREADS      -c DjVuGlobal.cpp
/bin/bash ../libtool --mode=compile g++ -DHAVE_CONFIG_H -I.. -I. -DNDEBUG -Wall -O3 -Wno-non-virtual-dtor  -pthread -DTHREADMODEL=POSIXTHREADS      -c DjVuGlobalMemory.cpp
/bin/bash ../libtool --mode=compile g++ -DHAVE_CONFIG_H -I.. -I. -DNDEBUG -Wall -O3 -Wno-non-virtual-dtor  -pthread -DTHREADMODEL=POSIXTHREADS      -c GOS.cpp
/bin/bash ../libtool --mode=compile g++ -DHAVE_CONFIG_H -I.. -I. -DNDEBUG -Wall -O3 -Wno-non-virtual-dtor  -pthread -DTHREADMODEL=POSIXTHREADS      -c GException.cpp
/bin/bash ../libtool --mode=compile g++ -DHAVE_CONFIG_H -I.. -I. -DNDEBUG -Wall -O3 -Wno-non-virtual-dtor  -pthread -DTHREADMODEL=POSIXTHREADS      -c GContainer.cpp
/bin/bash ../libtool --mode=compile g++ -DHAVE_CONFIG_H -I.. -I. -DNDEBUG -Wall -O3 -Wno-non-virtual-dtor  -pthread -DTHREADMODEL=POSIXTHREADS      -c GString.cpp
/bin/bash ../libtool --mode=compile g++ -DHAVE_CONFIG_H -I.. -I. -DNDEBUG -Wall -O3 -Wno-non-virtual-dtor  -pthread -DTHREADMODEL=POSIXTHREADS      -c GThreads.cpp
/bin/bash ../libtool --mode=compile g++ -DHAVE_CONFIG_H -I.. -I. -DNDEBUG -Wall -O3 -Wno-non-virtual-dtor  -pthread -DTHREADMODEL=POSIXTHREADS      -c GRect.cpp
/bin/bash ../libtool --mode=compile g++ -DHAVE_CONFIG_H -I.. -I. -DNDEBUG -Wall -O3 -Wno-non-virtual-dtor  -pthread -DTHREADMODEL=POSIXTHREADS      -c atomic.cpp
/bin/bash ../libtool --mode=compile g++ -DHAVE_CONFIG_H -I.. -I. -DNDEBUG -Wall -O3 -Wno-non-virtual-dtor  -pthread -DTHREADMODEL=POSIXTHREADS      -c GSmartPointer.cpp
/bin/bash ../libtool --mode=compile g++ -DHAVE_CONFIG_H -I.. -I. -DNDEBUG -Wall -O3 -Wno-non-virtual-dtor  -pthread -DTHREADMODEL=POSIXTHREADS      -c MMX.cpp
/bin/bash ../libtool --mode=compile g++ -DHAVE_CONFIG_H -I.. -I. -DNDEBUG -Wall -O3 -Wno-non-virtual-dtor  -pthread -DTHREADMODEL=POSIXTHREADS      -c Arrays.cpp
/bin/bash ../libtool --mode=compile g++ -DHAVE_CONFIG_H -I.. -I. -DNDEBUG -Wall -O3 -Wno-non-virtual-dtor  -pthread -DTHREADMODEL=POSIXTHREADS      -c GBitmap.cpp
/bin/bash ../libtool --mode=compile g++ -DHAVE_CONFIG_H -I.. -I. -DNDEBUG -Wall -O3 -Wno-non-virtual-dtor  -pthread -DTHREADMODEL=POSIXTHREADS      -c GPixmap.cpp
/bin/bash ../libtool --mode=compile g++ -DHAVE_CONFIG_H -I.. -I. -DNDEBUG -Wall -O3 -Wno-non-virtual-dtor  -pthread -DTHREADMODEL=POSIXTHREADS      -c GScaler.cpp
/bin/bash ../libtool --mode=compile g++ -DHAVE_CONFIG_H -I.. -I. -DNDEBUG -Wall -O3 -Wno-non-virtual-dtor  -pthread -DTHREADMODEL=POSIXTHREADS      -c DjVuPalette.cpp
/bin/bash ../libtool --mode=compile g++ -DHAVE_CONFIG_H -I.. -I. -DNDEBUG -Wall -O3 -Wno-non-virtual-dtor  -pthread -DTHREADMODEL=POSIXTHREADS      -c ByteStream.cpp
/bin/bash ../libtool --mode=compile g++ -DHAVE_CONFIG_H -I.. -I. -DNDEBUG -Wall -O3 -Wno-non-virtual-dtor  -pthread -DTHREADMODEL=POSIXTHREADS      -c IFFByteStream.cpp
/bin/bash ../libtool --mode=compile g++ -DHAVE_CONFIG_H -I.. -I. -DNDEBUG -Wall -O3 -Wno-non-virtual-dtor  -pthread -DTHREADMODEL=POSIXTHREADS      -c BSByteStream.cpp
/bin/bash ../libtool --mode=compile g++ -DHAVE_CONFIG_H -I.. -I. -DNDEBUG -Wall -O3 -Wno-non-virtual-dtor  -pthread -DTHREADMODEL=POSIXTHREADS      -c BSEncodeByteStream.cpp
/bin/bash ../libtool --mode=compile g++ -DHAVE_CONFIG_H -I.. -I. -DNDEBUG -Wall -O3 -Wno-non-virtual-dtor  -pthread -DTHREADMODEL=POSIXTHREADS      -c ZPCodec.cpp
/bin/bash ../libtool --mode=compile g++ -DHAVE_CONFIG_H -I.. -I. -DNDEBUG -Wall -O3 -Wno-non-virtual-dtor  -pthread -DTHREADMODEL=POSIXTHREADS      -c JB2Image.cpp
/bin/bash ../libtool --mode=compile g++ -DHAVE_CONFIG_H -I.. -I. -DNDEBUG -Wall -O3 -Wno-non-virtual-dtor  -pthread -DTHREADMODEL=POSIXTHREADS      -c JB2EncodeCodec.cpp
/bin/bash ../libtool --mode=compile g++ -DHAVE_CONFIG_H -I.. -I. -DNDEBUG -Wall -O3 -Wno-non-virtual-dtor  -pthread -DTHREADMODEL=POSIXTHREADS      -c IW44Image.cpp
/bin/bash ../libtool --mode=compile g++ -DHAVE_CONFIG_H -I.. -I. -DNDEBUG -Wall -O3 -Wno-non-virtual-dtor  -pthread -DTHREADMODEL=POSIXTHREADS      -c IW44EncodeCodec.cpp
/bin/bash ../libtool --mode=compile g++ -DHAVE_CONFIG_H -I.. -I. -DNDEBUG -Wall -O3 -Wno-non-virtual-dtor  -pthread -DTHREADMODEL=POSIXTHREADS      -c MMRDecoder.cpp
/bin/bash ../libtool --mode=compile g++ -DHAVE_CONFIG_H -I.. -I. -DNDEBUG -Wall -O3 -Wno-non-virtual-dtor  -pthread -DTHREADMODEL=POSIXTHREADS      -c JPEGDecoder.cpp
/bin/bash ../libtool --mode=compile g++ -DHAVE_CONFIG_H -I.. -I. -DNDEBUG -Wall -O3 -Wno-non-virtual-dtor  -pthread -DTHREADMODEL=POSIXTHREADS      -c DataPool.cpp
/bin/bash ../libtool --mode=compile g++ -DHAVE_CONFIG_H -I.. -I. -DNDEBUG -Wall -O3 -Wno-non-virtual-dtor  -pthread -DTHREADMODEL=POSIXTHREADS      -c GURL.cpp
/bin/bash ../libtool --mode=compile g++ -DHAVE_CONFIG_H -I.. -I. -DNDEBUG -Wall -O3 -Wno-non-virtual-dtor  -pthread -DTHREADMODEL=POSIXTHREADS      -c DjVuFileCache.cpp
/bin/bash ../libtool --mode=compile g++ -DHAVE_CONFIG_H -I.. -I. -DNDEBUG -Wall -O3 -Wno-non-virtual-dtor  -pthread -DTHREADMODEL=POSIXTHREADS      -c DjVuPort.cpp
/bin/bash ../libtool --mode=compile g++ -DHAVE_CONFIG_H -I.. -I. -DNDEBUG -Wall -O3 -Wno-non-virtual-dtor  -pthread -DTHREADMODEL=POSIXTHREADS      -c GMapAreas.cpp
/bin/bash ../libtool --mode=compile g++ -DHAVE_CONFIG_H -I.. -I. -DNDEBUG -Wall -O3 -Wno-non-virtual-dtor  -pthread -DTHREADMODEL=POSIXTHREADS      -c DjVuAnno.cpp
/bin/bash ../libtool --mode=compile g++ -DHAVE_CONFIG_H -I.. -I. -DNDEBUG -Wall -O3 -Wno-non-virtual-dtor  -pthread -DTHREADMODEL=POSIXTHREADS      -c GIFFManager.cpp
/bin/bash ../libtool --mode=compile g++ -DHAVE_CONFIG_H -I.. -I. -DNDEBUG -Wall -O3 -Wno-non-virtual-dtor  -pthread -DTHREADMODEL=POSIXTHREADS      -c DjVuText.cpp
/bin/bash ../libtool --mode=compile g++ -DHAVE_CONFIG_H -I.. -I. -DNDEBUG -Wall -O3 -Wno-non-virtual-dtor  -pthread -DTHREADMODEL=POSIXTHREADS      -c DjVuInfo.cpp
/bin/bash ../libtool --mode=compile g++ -DHAVE_CONFIG_H -I.. -I. -DNDEBUG -Wall -O3 -Wno-non-virtual-dtor  -pthread -DTHREADMODEL=POSIXTHREADS      -c DjVuFile.cpp
/bin/bash ../libtool --mode=compile g++ -DHAVE_CONFIG_H -I.. -I. -DNDEBUG -Wall -O3 -Wno-non-virtual-dtor  -pthread -DTHREADMODEL=POSIXTHREADS      -c DjVuImage.cpp
/bin/bash ../libtool --mode=compile g++ -DHAVE_CONFIG_H -I.. -I. -DNDEBUG -Wall -O3 -Wno-non-virtual-dtor  -pthread -DTHREADMODEL=POSIXTHREADS      -c DjVuDocument.cpp
/bin/bash ../libtool --mode=compile g++ -DHAVE_CONFIG_H -I.. -I. -DNDEBUG -Wall -O3 -Wno-non-virtual-dtor  -pthread -DTHREADMODEL=POSIXTHREADS      -c DjVmDir.cpp
/bin/bash ../libtool --mode=compile g++ -DHAVE_CONFIG_H -I.. -I. -DNDEBUG -Wall -O3 -Wno-non-virtual-dtor  -pthread -DTHREADMODEL=POSIXTHREADS      -c DjVmDoc.cpp
/bin/bash ../libtool --mode=compile g++ -DHAVE_CONFIG_H -I.. -I. -DNDEBUG -Wall -O3 -Wno-non-virtual-dtor  -pthread -DTHREADMODEL=POSIXTHREADS      -c DjVmDir0.cpp
/bin/bash ../libtool --mode=compile g++ -DHAVE_CONFIG_H -I.. -I. -DNDEBUG -Wall -O3 -Wno-non-virtual-dtor  -pthread -DTHREADMODEL=POSIXTHREADS      -c DjVmNav.cpp
/bin/bash ../libtool --mode=compile g++ -DHAVE_CONFIG_H -I.. -I. -DNDEBUG -Wall -O3 -Wno-non-virtual-dtor  -pthread -DTHREADMODEL=POSIXTHREADS      -c DjVuNavDir.cpp
/bin/bash ../libtool --mode=compile g++ -DHAVE_CONFIG_H -I.. -I. -DNDEBUG -Wall -O3 -Wno-non-virtual-dtor  -pthread -DTHREADMODEL=POSIXTHREADS      -c DjVuErrorList.cpp
/bin/bash ../libtool --mode=compile g++ -DHAVE_CONFIG_H -I.. -I. -DNDEBUG -Wall -O3 -Wno-non-virtual-dtor  -pthread -DTHREADMODEL=POSIXTHREADS      -c DjVuDocEditor.cpp
/bin/bash ../libtool --mode=compile g++ -DHAVE_CONFIG_H -I.. -I. -DNDEBUG -Wall -O3 -Wno-non-virtual-dtor  -pthread -DTHREADMODEL=POSIXTHREADS      -c DjVuToPS.cpp
/bin/bash ../libtool --mode=compile g++ -DHAVE_CONFIG_H -I.. -I. -DNDEBUG -Wall -O3 -Wno-non-virtual-dtor  -pthread -DTHREADMODEL=POSIXTHREADS      -c DjVuDumpHelper.cpp
/bin/bash ../libtool --mode=compile g++ -DHAVE_CONFIG_H -I.. -I. -DNDEBUG -Wall -O3 -Wno-non-virtual-dtor  -pthread -DTHREADMODEL=POSIXTHREADS      -c DjVuMessageLite.cpp
/bin/bash ../libtool --mode=compile g++ -DHAVE_CONFIG_H -I.. -I. -DNDEBUG -Wall -O3 -Wno-non-virtual-dtor  -pthread -DTHREADMODEL=POSIXTHREADS      -c DjVuMessage.cpp
/bin/bash ../libtool --mode=compile g++ -DHAVE_CONFIG_H -I.. -I. -DNDEBUG -Wall -O3 -Wno-non-virtual-dtor  -pthread -DTHREADMODEL=POSIXTHREADS      -c GUnicode.cpp
/bin/bash ../libtool --mode=compile g++ -DHAVE_CONFIG_H -I.. -I. -DNDEBUG -Wall -O3 -Wno-non-virtual-dtor  -pthread -DTHREADMODEL=POSIXTHREADS      -c UnicodeByteStream.cpp
/bin/bash ../libtool --mode=compile g++ -DHAVE_CONFIG_H -I.. -I. -DNDEBUG -Wall -O3 -Wno-non-virtual-dtor  -pthread -DTHREADMODEL=POSIXTHREADS      -c XMLParser.cpp
/bin/bash ../libtool --mode=compile g++ -DHAVE_CONFIG_H -I.. -I. -DNDEBUG -Wall -O3 -Wno-non-virtual-dtor  -pthread -DTHREADMODEL=POSIXTHREADS      -c XMLTags.cpp
/bin/bash ../libtool --mode=compile g++ -DHAVE_CONFIG_H -I.. -I. -DNDEBUG -Wall -O3 -Wno-non-virtual-dtor  -pthread -DTHREADMODEL=POSIXTHREADS      -c miniexp.cpp
/bin/bash ../libtool --mode=compile g++ -DHAVE_CONFIG_H -I.. -I. -DNDEBUG -Wall -O3 -Wno-non-virtual-dtor  -pthread -DTHREADMODEL=POSIXTHREADS      -c ddjvuapi.cpp
/bin/bash ../libtool --mode=compile g++ -DHAVE_CONFIG_H -I.. -I. -DNDEBUG -Wall -O3 -Wno-non-virtual-dtor  -pthread -DTHREADMODEL=POSIXTHREADS      -c debug.cpp
echo "[ generating libdjvulibre.la ... ]"
/bin/bash ../libtool --mode=link g++ -DHAVE_CONFIG_H -I.. -I. -DNDEBUG -Wall -O3 -Wno-non-virtual-dtor  -pthread -DTHREADMODEL=POSIXTHREADS      -no-undefined \
    -rpath /usr/local/lib -version-info 25:0:4  \
    DjVuGlobal.lo DjVuGlobalMemory.lo GOS.lo GException.lo GContainer.lo GString.lo GThreads.lo GRect.lo atomic.lo GSmartPointer.lo MMX.lo Arrays.lo GBitmap.lo GPixmap.lo GScaler.lo DjVuPalette.lo ByteStream.lo IFFByteStream.lo BSByteStream.lo BSEncodeByteStream.lo ZPCodec.lo JB2Image.lo JB2EncodeCodec.lo IW44Image.lo IW44EncodeCodec.lo MMRDecoder.lo JPEGDecoder.lo DataPool.lo GURL.lo DjVuFileCache.lo DjVuPort.lo GMapAreas.lo DjVuAnno.lo GIFFManager.lo DjVuText.lo DjVuInfo.lo DjVuFile.lo DjVuImage.lo DjVuDocument.lo DjVmDir.lo DjVmDoc.lo DjVmDir0.lo DjVmNav.lo DjVuNavDir.lo DjVuErrorList.lo DjVuDocEditor.lo DjVuToPS.lo DjVuDumpHelper.lo DjVuMessageLite.lo DjVuMessage.lo GUnicode.lo UnicodeByteStream.lo XMLParser.lo XMLTags.lo miniexp.lo ddjvuapi.lo debug.lo -ljpeg -lpthread -lm  -o libdjvulibre.la
make[1]: Leaving directory '/home/janreggie/dev/djvulibre-cpp/libdjvu'
make: Leaving directory '/home/janreggie/dev/djvulibre-cpp'
 
make[1]: Circular Makefile.dep <- Makefile.dep dependency dropped.
cp: './Makefile.dep' and 'Makefile.dep' are the same file
make[1]: *** [Makefile:146: Makefile.dep] Error 1
make[1]: Failed to remake makefile 'Makefile.dep'.
make: *** [/home/janreggie/dev/djvulibre-cpp/Makefile:43: all] Error 2
 
